SF:lib\utils\error_handler.dart
DA:7,6
DA:8,2
DA:9,2
DA:16,3
DA:19,2
DA:27,2
DA:32,2
DA:33,2
DA:39,2
DA:43,6
DA:46,2
DA:50,2
DA:51,2
DA:61,2
DA:62,2
DA:67,2
DA:73,0
DA:74,0
DA:79,0
DA:85,0
DA:86,0
DA:91,0
DA:97,2
DA:98,4
DA:99,2
DA:100,10
DA:102,6
DA:103,2
DA:104,0
DA:105,0
DA:108,4
DA:109,6
DA:111,6
DA:112,2
DA:116,2
DA:118,2
DA:120,2
DA:122,2
DA:124,0
DA:130,2
DA:144,0
DA:145,0
DA:147,0
DA:148,0
DA:150,0
DA:151,0
DA:152,0
DA:153,0
DA:154,0
DA:155,0
DA:160,0
DA:161,0
DA:166,0
DA:167,0
DA:170,0
DA:171,0
DA:174,0
DA:182,0
DA:183,0
DA:186,0
DA:191,0
DA:196,0
DA:201,0
DA:206,0
DA:207,0
DA:208,0
DA:209,0
DA:211,0
DA:212,0
DA:213,0
DA:219,0
DA:221,0
DA:223,0
DA:225,0
DA:227,0
DA:228,0
DA:233,0
DA:235,0
DA:237,0
DA:239,0
DA:241,0
DA:247,0
DA:248,0
DA:251,0
DA:252,0
DA:253,0
DA:256,0
DA:257,0
DA:259,0
DA:260,0
DA:262,0
DA:264,0
DA:265,0
DA:268,0
DA:269,0
DA:270,0
DA:279,0
DA:280,0
DA:297,2
DA:307,0
DA:309,0
LF:101
LH:32
end_of_record
SF:lib\utils\loading_manager.dart
DA:7,6
DA:8,4
DA:9,2
DA:19,0
DA:22,0
DA:23,0
DA:26,1
DA:27,5
DA:30,2
DA:31,6
DA:35,1
DA:36,2
DA:40,2
DA:41,6
DA:45,2
DA:48,2
DA:51,4
DA:56,2
DA:57,4
DA:59,6
DA:61,2
DA:64,2
DA:67,6
DA:68,2
DA:69,4
DA:76,1
DA:77,2
DA:78,1
DA:79,3
DA:80,1
DA:83,2
DA:89,2
DA:90,4
DA:91,2
DA:94,2
DA:99,0
DA:100,0
DA:101,0
DA:104,0
DA:109,0
DA:117,0
DA:118,0
DA:119,0
DA:122,0
DA:123,0
DA:129,0
DA:132,0
DA:140,2
DA:141,2
DA:142,8
DA:146,0
DA:148,0
DA:149,0
DA:161,2
DA:170,0
DA:171,0
DA:172,0
DA:176,2
DA:183,2
DA:184,2
DA:185,1
DA:186,2
DA:187,2
DA:188,1
DA:192,0
DA:194,0
DA:204,0
DA:211,0
DA:213,0
DA:214,0
DA:215,0
DA:216,0
DA:217,0
DA:222,0
DA:224,0
DA:225,0
DA:226,0
DA:227,0
DA:229,0
DA:231,0
DA:232,0
DA:234,0
DA:238,0
DA:239,0
DA:240,0
DA:242,0
DA:243,0
DA:244,0
DA:245,0
DA:246,0
DA:248,0
DA:250,0
DA:253,0
DA:255,0
LF:94
LH:43
end_of_record
SF:lib\utils\connectivity_manager.dart
DA:8,6
DA:9,4
DA:10,2
DA:25,0
DA:26,0
DA:27,0
DA:28,0
DA:31,0
DA:34,0
DA:35,0
DA:38,0
DA:39,0
DA:40,0
DA:42,0
DA:43,0
DA:50,0
DA:51,0
DA:56,0
DA:58,0
DA:63,0
DA:64,0
DA:65,0
DA:66,0
DA:67,0
DA:68,0
DA:76,0
DA:77,0
DA:78,0
DA:80,0
DA:83,0
DA:84,0
DA:89,0
DA:94,0
DA:98,0
DA:99,0
DA:100,0
DA:101,0
DA:102,0
DA:103,0
DA:108,0
DA:110,0
DA:114,0
DA:118,0
DA:120,0
DA:124,0
DA:128,0
DA:136,0
DA:144,2
DA:146,2
DA:147,2
DA:148,2
DA:149,2
DA:150,2
DA:153,2
DA:157,0
DA:162,0
DA:164,0
DA:169,0
DA:170,0
DA:173,0
DA:181,0
DA:183,0
DA:185,0
DA:186,0
DA:193,2
DA:194,2
DA:195,2
DA:197,2
DA:199,2
DA:205,2
DA:206,2
DA:207,2
DA:209,2
DA:211,2
DA:217,0
DA:218,0
DA:219,0
DA:230,0
DA:232,0
DA:233,0
DA:241,0
DA:247,0
DA:249,0
DA:250,0
DA:251,0
DA:252,0
DA:253,0
DA:255,0
DA:256,0
DA:258,0
DA:259,0
DA:261,0
DA:268,0
DA:269,0
DA:270,0
DA:271,0
DA:273,0
DA:274,0
DA:275,0
DA:279,0
DA:280,0
DA:289,0
LF:102
LH:20
end_of_record
SF:lib\utils\cache_manager.dart
DA:16,3
DA:17,2
DA:18,1
DA:38,1
DA:41,1
DA:44,0
DA:45,0
DA:46,0
DA:48,0
DA:49,0
DA:50,0
DA:53,0
DA:56,0
DA:57,0
DA:62,3
DA:68,1
DA:74,2
DA:77,1
DA:78,0
DA:81,0
DA:84,0
DA:87,0
DA:89,0
DA:93,0
DA:96,0
DA:100,3
DA:106,0
DA:110,0
DA:113,0
DA:115,0
DA:116,0
DA:118,0
DA:120,0
DA:124,0
DA:125,0
DA:127,0
DA:130,0
DA:131,0
DA:132,0
DA:136,0
DA:139,0
DA:142,0
DA:143,0
DA:150,0
DA:151,0
DA:159,1
DA:160,2
DA:163,2
DA:165,0
DA:166,0
DA:171,1
DA:172,0
DA:174,0
DA:177,0
DA:184,0
DA:188,0
DA:191,0
DA:194,0
DA:195,0
DA:197,0
DA:198,0
DA:201,0
DA:204,0
DA:208,0
DA:209,0
DA:216,1
DA:218,2
DA:223,0
DA:224,0
DA:225,0
DA:226,0
DA:230,0
DA:233,1
DA:234,0
DA:235,0
DA:237,0
DA:241,0
DA:242,0
DA:247,3
DA:253,0
DA:255,0
DA:258,0
DA:259,0
DA:260,0
DA:261,0
DA:263,0
DA:265,0
DA:266,0
DA:268,0
DA:269,0
DA:271,0
DA:273,0
DA:274,0
DA:276,0
DA:278,0
DA:279,0
DA:281,0
DA:282,0
DA:287,0
DA:292,1
DA:294,1
DA:295,0
DA:296,1
DA:297,1
DA:298,0
DA:299,0
DA:304,0
DA:305,0
DA:309,0
DA:311,0
DA:312,0
DA:313,0
DA:316,0
DA:319,0
DA:320,0
DA:325,0
DA:335,0
DA:340,0
DA:347,0
DA:352,0
DA:353,0
DA:354,0
DA:355,0
DA:357,0
DA:359,0
DA:364,0
DA:366,0
DA:368,0
DA:370,0
DA:376,0
DA:382,0
DA:383,0
DA:384,0
DA:385,0
DA:388,0
DA:391,0
DA:392,0
DA:394,0
DA:395,0
DA:396,0
DA:401,0
DA:403,0
DA:404,0
DA:405,0
DA:412,0
DA:414,0
DA:415,0
DA:431,0
DA:438,0
LF:149
LH:22
end_of_record
SF:lib\utils\performance_monitor.dart
DA:6,3
DA:7,2
DA:8,1
DA:25,0
DA:27,0
DA:28,0
DA:29,0
DA:34,0
DA:35,0
DA:36,0
DA:37,0
DA:42,0
DA:45,0
DA:52,0
DA:53,0
DA:56,0
DA:57,0
DA:61,0
DA:65,0
DA:72,0
DA:73,0
DA:80,0
DA:81,0
DA:90,0
DA:91,0
DA:93,0
DA:94,0
DA:97,0
DA:100,0
DA:101,0
DA:108,0
DA:109,0
DA:112,0
DA:113,0
DA:116,0
DA:120,1
DA:121,3
DA:123,1
DA:128,1
DA:129,2
DA:131,2
DA:132,4
DA:133,1
DA:136,2
DA:137,3
DA:142,3
DA:144,0
DA:145,0
DA:153,0
DA:158,0
DA:160,0
DA:161,0
DA:164,0
DA:166,0
DA:173,1
DA:175,6
DA:177,1
DA:178,0
DA:183,5
DA:184,1
DA:186,3
DA:187,3
DA:188,4
DA:190,1
DA:191,1
DA:197,1
DA:198,1
DA:201,1
DA:202,1
DA:203,1
DA:204,1
DA:209,1
DA:210,2
DA:211,1
DA:214,0
DA:215,0
DA:216,0
DA:219,0
DA:220,0
DA:222,0
DA:223,0
DA:224,0
DA:225,0
DA:227,0
DA:232,1
DA:233,1
DA:235,2
DA:237,4
DA:238,3
DA:241,2
DA:242,3
DA:243,2
DA:244,1
DA:245,1
DA:246,1
DA:252,0
DA:253,0
DA:254,0
DA:255,0
DA:258,0
DA:263,0
DA:264,0
DA:265,0
DA:266,0
DA:278,1
DA:288,0
DA:295,0
DA:305,0
DA:315,0
DA:316,0
DA:317,0
LF:111
LH:45
end_of_record
SF:lib\state\app_state_manager.dart
DA:7,6
DA:8,4
DA:9,2
DA:41,0
DA:42,0
DA:43,4
DA:44,4
DA:45,4
DA:46,4
DA:47,4
DA:48,4
DA:49,4
DA:50,2
DA:53,0
DA:56,3
DA:57,1
DA:58,1
DA:59,8
DA:62,0
DA:64,0
DA:65,0
DA:69,0
DA:74,0
DA:75,0
DA:76,0
DA:77,0
DA:81,0
DA:82,0
DA:84,0
DA:85,0
DA:89,0
DA:90,0
DA:94,0
DA:98,0
DA:101,0
DA:107,2
DA:108,6
DA:109,4
DA:110,4
DA:112,2
DA:113,2
DA:117,2
DA:121,2
DA:124,8
DA:130,2
DA:131,6
DA:132,2
DA:133,2
DA:135,1
DA:136,1
DA:140,1
DA:144,1
DA:147,3
DA:153,2
DA:154,6
DA:155,4
DA:156,2
DA:159,6
DA:165,2
DA:166,6
DA:167,4
DA:168,4
DA:170,2
DA:171,2
DA:175,2
DA:179,2
DA:182,4
DA:183,4
DA:190,2
DA:191,6
DA:192,4
DA:193,2
DA:196,6
DA:202,2
DA:203,6
DA:204,4
DA:205,2
DA:208,4
DA:209,2
DA:216,2
DA:217,6
DA:218,4
DA:219,6
DA:220,2
DA:223,6
DA:229,2
DA:230,4
DA:234,2
DA:235,2
DA:236,4
DA:237,6
DA:238,6
DA:239,4
DA:240,4
DA:241,6
DA:242,4
DA:243,4
DA:244,4
DA:245,6
DA:246,4
DA:251,2
DA:252,4
DA:253,4
DA:254,4
DA:255,4
DA:256,4
DA:257,4
DA:258,4
DA:259,4
DA:261,2
DA:264,4
DA:268,0
DA:270,0
DA:271,0
DA:272,0
DA:273,0
DA:274,0
DA:275,0
DA:276,0
DA:277,0
DA:278,0
DA:279,0
DA:280,0
DA:281,0
DA:309,2
DA:316,0
DA:318,0
LF:127
LH:92
end_of_record
SF:lib\utils\feedback_manager.dart
DA:8,0
DA:9,0
DA:10,0
DA:13,0
DA:14,0
DA:17,0
DA:18,0
DA:26,0
DA:27,0
DA:35,0
DA:36,0
DA:44,0
DA:45,0
DA:53,0
DA:60,0
DA:64,0
DA:66,0
DA:67,0
DA:68,0
DA:69,0
DA:71,0
DA:72,0
DA:74,0
DA:83,0
DA:86,0
DA:90,0
DA:98,0
DA:102,0
DA:110,0
DA:113,0
DA:114,0
DA:115,0
DA:117,0
DA:122,0
DA:124,0
DA:126,0
DA:127,0
DA:128,0
DA:129,0
DA:131,0
DA:134,0
DA:135,0
DA:136,0
DA:138,0
DA:141,0
DA:143,0
DA:154,0
DA:165,0
DA:166,0
DA:168,0
DA:171,0
DA:172,0
DA:173,0
DA:175,0
DA:180,0
DA:182,0
DA:187,0
DA:190,0
DA:191,0
DA:194,0
DA:195,0
DA:198,0
DA:199,0
DA:202,0
DA:203,0
DA:211,0
DA:212,0
DA:213,0
DA:214,0
DA:216,0
DA:219,0
DA:220,0
DA:221,0
DA:222,0
DA:225,0
DA:226,0
DA:229,0
DA:231,0
DA:238,0
DA:243,1
DA:245,1
DA:246,1
DA:248,1
DA:249,1
DA:251,1
DA:252,1
DA:254,1
DA:255,1
DA:261,0
DA:262,0
DA:266,0
DA:267,0
DA:268,0
DA:270,0
DA:273,0
DA:275,0
DA:285,0
DA:286,0
DA:290,0
DA:292,0
DA:294,0
DA:296,0
DA:298,0
DA:304,0
DA:306,0
DA:307,0
DA:308,0
DA:309,0
DA:310,0
DA:311,0
DA:312,0
DA:313,0
LF:112
LH:9
end_of_record
SF:lib\services\tts\tts_adapter.dart
DA:14,5
DA:29,0
LF:2
LH:1
end_of_record
SF:lib\services\tts_service.dart
DA:11,3
DA:12,2
DA:13,1
DA:27,3
DA:28,0
DA:31,0
DA:32,0
DA:35,0
DA:36,0
DA:40,0
DA:41,0
DA:44,0
DA:45,0
DA:46,0
DA:47,0
DA:48,0
DA:50,0
DA:51,0
DA:52,0
DA:53,0
DA:55,0
DA:56,0
DA:57,0
DA:58,0
DA:60,0
DA:61,0
DA:62,0
DA:64,0
DA:65,0
DA:66,0
DA:68,0
DA:69,0
DA:70,0
DA:71,0
DA:72,0
DA:76,0
DA:78,0
DA:79,0
DA:80,0
DA:82,0
DA:83,0
DA:88,0
DA:90,0
DA:91,0
DA:94,0
DA:99,1
DA:100,1
DA:101,3
DA:102,1
DA:103,1
DA:104,2
DA:105,1
DA:107,1
DA:108,1
DA:109,2
DA:110,1
DA:112,0
DA:113,0
DA:114,0
DA:115,0
DA:117,0
DA:118,0
DA:119,0
DA:121,0
DA:122,0
DA:123,0
DA:125,0
DA:126,0
DA:127,0
DA:128,0
DA:129,0
DA:132,1
DA:136,1
DA:137,1
DA:138,0
DA:141,2
DA:142,0
DA:147,1
DA:148,2
DA:149,2
DA:151,0
DA:152,0
DA:157,0
DA:158,0
DA:161,0
DA:162,0
DA:163,0
DA:165,0
DA:166,0
DA:171,0
DA:172,0
DA:175,0
DA:177,0
DA:178,0
DA:183,0
DA:184,0
DA:185,0
DA:189,0
DA:191,0
DA:192,0
DA:197,0
DA:198,0
DA:199,0
DA:203,0
DA:205,0
DA:206,0
DA:211,0
DA:212,0
DA:215,0
DA:217,0
DA:222,0
DA:223,0
DA:226,0
DA:228,0
DA:233,0
DA:234,0
DA:237,0
DA:239,0
DA:244,0
DA:245,0
DA:248,0
DA:250,0
DA:255,0
DA:257,0
DA:259,0
DA:260,0
LF:126
LH:22
end_of_record
SF:lib\config\app_config.dart
DA:7,0
DA:8,0
DA:9,0
DA:12,0
DA:13,0
DA:14,0
DA:17,0
DA:18,0
DA:19,0
DA:20,0
DA:21,0
DA:22,0
DA:25,0
DA:26,0
DA:29,0
DA:30,0
DA:31,0
DA:32,0
DA:33,0
DA:34,0
DA:35,0
DA:36,0
DA:40,0
DA:41,0
DA:42,0
DA:43,0
DA:44,0
DA:45,0
DA:48,0
DA:49,0
DA:50,0
DA:51,0
DA:52,0
DA:53,0
DA:54,0
DA:55,0
DA:56,0
DA:57,0
DA:61,0
DA:62,0
DA:65,0
DA:66,0
DA:67,0
DA:68,0
DA:69,0
DA:70,0
DA:73,0
DA:74,0
DA:76,0
DA:77,0
DA:80,0
DA:81,0
DA:84,0
DA:85,0
DA:88,0
DA:89,0
DA:92,0
DA:93,0
DA:96,0
DA:97,0
DA:100,0
DA:101,0
DA:106,0
DA:107,0
DA:109,0
DA:110,0
DA:111,0
DA:114,0
DA:116,0
DA:117,0
DA:118,0
DA:128,0
DA:129,0
DA:130,0
DA:131,0
DA:132,0
DA:134,0
DA:135,0
DA:136,0
DA:137,0
DA:139,0
DA:140,0
DA:141,0
DA:142,0
DA:143,0
DA:145,0
DA:146,0
DA:147,0
DA:148,0
DA:150,0
DA:152,0
DA:153,0
DA:154,0
DA:155,0
DA:156,0
DA:157,0
DA:159,0
DA:160,0
DA:161,0
DA:162,0
DA:164,0
DA:169,0
DA:171,0
DA:172,0
DA:173,0
DA:174,0
DA:175,0
DA:176,0
DA:177,0
DA:178,0
DA:179,0
DA:180,0
DA:184,0
DA:185,0
DA:186,0
DA:187,0
LF:116
LH:0
end_of_record
SF:lib\services\tts\kitten_bridge_adapter.dart
DA:26,0
DA:29,0
DA:31,0
DA:32,0
DA:34,0
DA:37,0
DA:38,0
DA:39,0
DA:42,0
DA:44,0
DA:45,0
DA:50,0
DA:51,0
DA:53,0
DA:55,0
DA:56,0
DA:57,0
DA:58,0
DA:59,0
DA:62,0
DA:63,0
DA:64,0
DA:65,0
DA:68,0
DA:69,0
DA:73,0
DA:74,0
DA:75,0
DA:76,0
DA:78,0
DA:79,0
DA:80,0
DA:84,0
DA:86,0
DA:87,0
DA:91,0
DA:94,0
DA:100,0
DA:102,0
DA:103,0
DA:105,0
DA:106,0
DA:109,0
DA:113,0
DA:114,0
DA:116,0
DA:117,0
DA:120,0
DA:123,0
DA:126,0
DA:129,0
DA:130,0
DA:134,0
DA:136,0
DA:139,0
DA:141,0
DA:144,0
DA:146,0
DA:149,0
DA:154,0
DA:156,0
DA:157,0
LF:62
LH:0
end_of_record
SF:lib\services\tts\system_tts_adapter.dart
DA:19,0
DA:22,0
DA:24,0
DA:26,0
DA:27,0
DA:28,0
DA:29,0
DA:32,0
DA:33,0
DA:34,0
DA:35,0
DA:38,0
DA:39,0
DA:40,0
DA:41,0
DA:44,0
DA:45,0
DA:46,0
DA:47,0
DA:50,0
DA:51,0
DA:52,0
DA:53,0
DA:56,0
DA:57,0
DA:58,0
DA:59,0
DA:63,0
DA:64,0
DA:65,0
DA:66,0
DA:68,0
DA:69,0
DA:70,0
DA:71,0
DA:72,0
DA:74,0
DA:83,0
DA:86,0
DA:88,0
DA:89,0
DA:92,0
DA:95,0
DA:97,0
DA:98,0
DA:101,0
DA:103,0
DA:106,0
DA:108,0
DA:109,0
DA:112,0
DA:114,0
DA:115,0
DA:118,0
DA:120,0
DA:123,0
DA:125,0
DA:128,0
DA:130,0
DA:133,0
DA:135,0
DA:138,0
DA:140,0
LF:63
LH:0
end_of_record
